<?xml version="1.0" encoding="UTF-8"?>
<!-- Generated by org.testng.reporters.JUnitReportReporter -->
<testsuite hostname="DESKTOP-1BLE9HI" failures="0" tests="1" name="Testpackge.titletesting" time="8.265" errors="0" timestamp="2024-12-05T14:00:48 IST" skipped="0">
  <testcase classname="Testpackge.titletesting" name="title" time="8.265"/>
</testsuite> <!-- Testpackge.titletesting -->
