<?xml version="1.0" encoding="UTF-8"?>
<!-- Generated by org.testng.reporters.JUnitReportReporter -->
<testsuite hostname="DESKTOP-1BLE9HI" failures="0" tests="2" name="com.OrengePage.TestCases.AdminPageTest" time="0.006" errors="0" timestamp="2024-12-10T18:08:34 IST" skipped="0">
  <testcase classname="com.OrengePage.TestCases.AdminPageTest" name="testadmin" time="0.004"/>
  <testcase classname="com.OrengePage.TestCases.AdminPageTest" name="Teststudent" time="0.002"/>
  <system-out>
    <![CDATA[Log: Driver session is created
Log: Apllication is open
Log :Log page is open
Log:Login is completed with valid data set
Log :Log page is open]]>
  </system-out>
</testsuite> <!-- com.OrengePage.TestCases.AdminPageTest -->
