<?xml version="1.0" encoding="UTF-8"?>
<!-- Generated by org.testng.reporters.JUnitReportReporter -->
<testsuite hostname="DESKTOP-1BLE9HI" failures="0" tests="4" name="com.OrengePage.TestCases.LoginpageTest" time="0.001" errors="1" timestamp="2024-12-10T18:08:34 IST" skipped="3">
  <testcase classname="com.OrengePage.TestCases.LoginpageTest" name="SetupPages" time="0.001">
    <error message="Cannot invoke &quot;com.OrengePage.Loginpage.url()&quot; because &quot;this.olp&quot; is null" type="java.lang.NullPointerException">
      <![CDATA[java.lang.NullPointerException: Cannot invoke "com.OrengePage.Loginpage.url()" because "this.olp" is null
at com.OrengePage.TestCases.BaseClass.SetupPages(BaseClass.java:82)
at java.base/jdk.internal.reflect.NativeMethodAccessorImpl.invoke0(Native Method)
at java.base/jdk.internal.reflect.NativeMethodAccessorImpl.invoke(NativeMethodAccessorImpl.java:77)
at java.base/jdk.internal.reflect.DelegatingMethodAccessorImpl.invoke(DelegatingMethodAccessorImpl.java:43)
at java.base/java.lang.reflect.Method.invoke(Method.java:568)
at org.testng.internal.invokers.MethodInvocationHelper.invokeMethod(MethodInvocationHelper.java:141)
at org.testng.internal.invokers.MethodInvocationHelper.invokeMethodConsideringTimeout(MethodInvocationHelper.java:71)
at org.testng.internal.invokers.ConfigInvoker.invokeConfigurationMethod(ConfigInvoker.java:400)
at org.testng.internal.invokers.ConfigInvoker.invokeConfigurations(ConfigInvoker.java:333)
at org.testng.internal.invokers.TestMethodWorker.invokeBeforeClassMethods(TestMethodWorker.java:188)
at org.testng.internal.invokers.TestMethodWorker.run(TestMethodWorker.java:128)
at java.base/java.util.ArrayList.forEach(ArrayList.java:1511)
at org.testng.TestRunner.privateRun(TestRunner.java:739)
at org.testng.TestRunner.run(TestRunner.java:614)
at org.testng.SuiteRunner.runTest(SuiteRunner.java:421)
at org.testng.SuiteRunner.runSequentially(SuiteRunner.java:413)
at org.testng.SuiteRunner.privateRun(SuiteRunner.java:373)
at org.testng.SuiteRunner.run(SuiteRunner.java:312)
at org.testng.SuiteRunnerWorker.runSuite(SuiteRunnerWorker.java:52)
at org.testng.SuiteRunnerWorker.run(SuiteRunnerWorker.java:95)
at org.testng.TestNG.runSuitesSequentially(TestNG.java:1274)
at org.testng.TestNG.runSuitesLocally(TestNG.java:1208)
at org.testng.TestNG.runSuites(TestNG.java:1112)
at org.testng.TestNG.run(TestNG.java:1079)
at org.testng.remote.AbstractRemoteTestNG.run(AbstractRemoteTestNG.java:115)
at org.testng.remote.RemoteTestNG.initAndRun(RemoteTestNG.java:293)
at org.testng.remote.RemoteTestNG.main(RemoteTestNG.java:91)
]]>
    </error>
    <system-out>
      <![CDATA[Log :Log page is open]]>
    </system-out>
  </testcase> <!-- SetupPages -->
  <testcase classname="com.OrengePage.TestCases.LoginpageTest" name="teturl" time="0.000">
    <skipped/>
  </testcase> <!-- teturl -->
  <testcase classname="com.OrengePage.TestCases.LoginpageTest" name="testtile" time="0.000">
    <skipped/>
  </testcase> <!-- testtile -->
  <testcase classname="com.OrengePage.TestCases.LoginpageTest" name="Testallfunctions" time="0.000">
    <skipped/>
  </testcase> <!-- Testallfunctions -->
  <system-out>
    <![CDATA[Log: Driver session is created
Log: Apllication is open
Log :Log page is open
Log:Login is completed with valid data set
Log :Log page is open]]>
  </system-out>
</testsuite> <!-- com.OrengePage.TestCases.LoginpageTest -->
