<?xml version="1.0" encoding="UTF-8"?>
<!-- Generated by org.testng.reporters.JUnitReportReporter -->
<testsuite hostname="DESKTOP-1BLE9HI" failures="0" tests="2" name="com.OrengePage.TestCases.AdminPageTest" time="10.065" errors="0" timestamp="2024-12-09T15:35:01 IST" skipped="0">
  <testcase classname="com.OrengePage.TestCases.AdminPageTest" name="testadmin" time="0.004"/>
  <testcase classname="com.OrengePage.TestCases.AdminPageTest" name="Teststudent" time="10.061"/>
  <system-out>
    <![CDATA[Log: Driver session is created
Log: Apllication is open
Log :Log page is open
Log:Login is completed with valid data set]]>
  </system-out>
</testsuite> <!-- com.OrengePage.TestCases.AdminPageTest -->
