<?xml version="1.0" encoding="UTF-8"?>
<!-- Generated by org.testng.reporters.JUnitReportReporter -->
<testsuite hostname="DESKTOP-1BLE9HI" failures="0" tests="2" name="com.OrengePageTest.AdminPageTest" time="10.074" errors="0" timestamp="2024-12-09T15:27:23 IST" skipped="0">
  <testcase classname="com.OrengePageTest.AdminPageTest" name="testadmin" time="0.003"/>
  <testcase classname="com.OrengePageTest.AdminPageTest" name="Teststudent" time="10.071"/>
  <system-out>
    <![CDATA[Log: Driver session is created
Log: Apllication is open
Log :Log page is open
Log:Login is completed with valid data set
Log :Log page is open]]>
  </system-out>
</testsuite> <!-- com.OrengePageTest.AdminPageTest -->
