<?xml version="1.0" encoding="UTF-8"?>
<!-- Generated by org.testng.reporters.JUnitReportReporter -->
<testsuite hostname="DESKTOP-1BLE9HI" failures="0" tests="1" name="Testpackge.Newtesting" time="0.012" errors="0" timestamp="2024-12-05T12:52:41 IST" skipped="0">
  <testcase classname="Testpackge.Newtesting" name="f" time="0.012"/>
</testsuite> <!-- Testpackge.Newtesting -->
